[ 2017-08-29T09:50:26+08:00 ] 127.0.0.1 /index.php?m=home&c=index&a=test
INFO: [ app_init ] --START--
INFO: Run Behavior\BuildLiteBehavior [ RunTime:0.000037s ]
INFO: [ app_init ] --END-- [ RunTime:0.028778s ]
INFO: [ app_begin ] --START--
INFO: Run Behavior\ReadHtmlCacheBehavior [ RunTime:0.044100s ]
INFO: [ app_begin ] --END-- [ RunTime:0.044253s ]
NOTIC: [2048] Declaration of Home\Controller\CommonController::error() should be compatible with that of Think\Controller::error() D:\phpStudy\WWW\TPblog\blog\Home\Controller\CommonController.class.php 第 85 行.
SQL: SHOW COLUMNS FROM `cms_menu` [ RunTime:0.1995s ]
SQL: SELECT `menu_id`,`name` FROM `cms_menu` WHERE `status` <> -1 AND `type` = 0 ORDER BY listorder desc,menu_id desc  [ RunTime:0.0020s ]
SQL: SHOW COLUMNS FROM `cms_news` [ RunTime:0.1110s ]
SQL: SELECT `news_id`,`title`,`description` FROM `cms_news` WHERE `status` = 1 ORDER BY count desc , listorder desc LIMIT 10   [ RunTime:0.0007s ]
SQL: SHOW COLUMNS FROM `cms_position_content` [ RunTime:0.0831s ]
NOTIC: [2] Missing argument 1 for Think\Model::limit(), called in D:\phpStudy\WWW\TPblog\blog\Common\Model\PositionContentModel.class.php on line 46 and defined D:\phpStudy\WWW\TPblog\ThinkPHP\Library\Think\Model.class.php 第 1829 行.
NOTIC: [8] Undefined variable: offset D:\phpStudy\WWW\TPblog\ThinkPHP\Library\Think\Model.class.php 第 1830 行.
NOTIC: [8] Undefined variable: offset D:\phpStudy\WWW\TPblog\ThinkPHP\Library\Think\Model.class.php 第 1833 行.
SQL: SELECT * FROM `cms_position_content` WHERE `position_id` = 3 AND `status` = 1 ORDER BY listorder desc ,id desc  [ RunTime:0.0010s ]
ERR: 非法操作:test

[ 2017-08-29T09:58:38+08:00 ] 127.0.0.1 /index.php?m=home&c=index&a=build_html
INFO: [ app_init ] --START--
INFO: Run Behavior\BuildLiteBehavior [ RunTime:0.000019s ]
INFO: [ app_init ] --END-- [ RunTime:0.000465s ]
INFO: [ app_begin ] --START--
INFO: Run Behavior\ReadHtmlCacheBehavior [ RunTime:0.000693s ]
INFO: [ app_begin ] --END-- [ RunTime:0.000797s ]
NOTIC: [2048] Declaration of Home\Controller\CommonController::error() should be compatible with that of Think\Controller::error() D:\phpStudy\WWW\TPblog\blog\Home\Controller\CommonController.class.php 第 85 行.
SQL: SHOW COLUMNS FROM `cms_menu` [ RunTime:0.0641s ]
SQL: SELECT `menu_id`,`name` FROM `cms_menu` WHERE `status` <> -1 AND `type` = 0 ORDER BY listorder desc,menu_id desc  [ RunTime:0.0006s ]
SQL: SHOW COLUMNS FROM `cms_news` [ RunTime:0.0312s ]
SQL: SELECT `news_id`,`title`,`description` FROM `cms_news` WHERE `status` = 1 ORDER BY count desc , listorder desc LIMIT 10   [ RunTime:0.0006s ]
SQL: SHOW COLUMNS FROM `cms_position_content` [ RunTime:0.0294s ]
NOTIC: [2] Missing argument 1 for Think\Model::limit(), called in D:\phpStudy\WWW\TPblog\blog\Common\Model\PositionContentModel.class.php on line 46 and defined D:\phpStudy\WWW\TPblog\ThinkPHP\Library\Think\Model.class.php 第 1829 行.
NOTIC: [8] Undefined variable: offset D:\phpStudy\WWW\TPblog\ThinkPHP\Library\Think\Model.class.php 第 1830 行.
NOTIC: [8] Undefined variable: offset D:\phpStudy\WWW\TPblog\ThinkPHP\Library\Think\Model.class.php 第 1833 行.
SQL: SELECT * FROM `cms_position_content` WHERE `position_id` = 3 AND `status` = 1 ORDER BY listorder desc ,id desc  [ RunTime:0.0006s ]
NOTIC: [2] Missing argument 1 for Think\Model::limit(), called in D:\phpStudy\WWW\TPblog\blog\Common\Model\PositionContentModel.class.php on line 46 and defined D:\phpStudy\WWW\TPblog\ThinkPHP\Library\Think\Model.class.php 第 1829 行.
NOTIC: [8] Undefined variable: offset D:\phpStudy\WWW\TPblog\ThinkPHP\Library\Think\Model.class.php 第 1830 行.
NOTIC: [8] Undefined variable: offset D:\phpStudy\WWW\TPblog\ThinkPHP\Library\Think\Model.class.php 第 1833 行.
SQL: SELECT * FROM `cms_position_content` WHERE `position_id` = 1 AND `status` = 1 ORDER BY listorder desc ,id desc  [ RunTime:0.0006s ]
NOTIC: [2] Missing argument 1 for Think\Model::limit(), called in D:\phpStudy\WWW\TPblog\blog\Common\Model\PositionContentModel.class.php on line 46 and defined D:\phpStudy\WWW\TPblog\ThinkPHP\Library\Think\Model.class.php 第 1829 行.
NOTIC: [8] Undefined variable: offset D:\phpStudy\WWW\TPblog\ThinkPHP\Library\Think\Model.class.php 第 1830 行.
NOTIC: [8] Undefined variable: offset D:\phpStudy\WWW\TPblog\ThinkPHP\Library\Think\Model.class.php 第 1833 行.
SQL: SELECT * FROM `cms_position_content` WHERE `position_id` = 2 AND `status` = 1 ORDER BY listorder desc ,id desc  [ RunTime:0.0003s ]
NOTIC: [2] Missing argument 1 for Think\Model::field(), called in D:\phpStudy\WWW\TPblog\blog\Common\Model\NewsModel.class.php on line 123 and defined D:\phpStudy\WWW\TPblog\ThinkPHP\Library\Think\Model.class.php 第 1740 行.
NOTIC: [8] Undefined variable: field D:\phpStudy\WWW\TPblog\ThinkPHP\Library\Think\Model.class.php 第 1741 行.
NOTIC: [8] Undefined variable: field D:\phpStudy\WWW\TPblog\ThinkPHP\Library\Think\Model.class.php 第 1751 行.
NOTIC: [2] Missing argument 1 for Think\Model::limit(), called in D:\phpStudy\WWW\TPblog\blog\Common\Model\NewsModel.class.php on line 123 and defined D:\phpStudy\WWW\TPblog\ThinkPHP\Library\Think\Model.class.php 第 1829 行.
NOTIC: [8] Undefined variable: offset D:\phpStudy\WWW\TPblog\ThinkPHP\Library\Think\Model.class.php 第 1830 行.
NOTIC: [8] Undefined variable: offset D:\phpStudy\WWW\TPblog\ThinkPHP\Library\Think\Model.class.php 第 1833 行.
SQL: SELECT * FROM `cms_news` WHERE `status` = 1 ORDER BY create_time desc  [ RunTime:0.0005s ]
INFO: [ view_parse ] --START--
INFO: [ template_filter ] --START--
INFO: Run Behavior\ContentReplaceBehavior [ RunTime:0.000145s ]
INFO: [ template_filter ] --END-- [ RunTime:0.000222s ]
NOTIC: [8] Undefined index: count D:\phpStudy\WWW\TPblog\blog\Runtime\Cache\Home\8add46d1b8bbf734fafd02ec3280ff7c.php 第 79 行.
INFO: Run Behavior\ParseTemplateBehavior [ RunTime:0.169014s ]
INFO: [ view_parse ] --END-- [ RunTime:0.169095s ]
INFO: [ view_filter ] --START--
INFO: Run Behavior\WriteHtmlCacheBehavior [ RunTime:0.000378s ]
INFO: [ view_filter ] --END-- [ RunTime:0.000439s ]

[ 2017-08-29T11:54:09+08:00 ] 127.0.0.1 /index.php?m=home&c=index&a=build_html
INFO: [ app_init ] --START--
INFO: Run Behavior\BuildLiteBehavior [ RunTime:0.000024s ]
INFO: [ app_init ] --END-- [ RunTime:0.000657s ]
INFO: [ app_begin ] --START--
INFO: Run Behavior\ReadHtmlCacheBehavior [ RunTime:0.001195s ]
INFO: [ app_begin ] --END-- [ RunTime:0.001388s ]
NOTIC: [2048] Declaration of Home\Controller\CommonController::error() should be compatible with that of Think\Controller::error() D:\phpStudy\WWW\TPblog\blog\Home\Controller\CommonController.class.php 第 85 行.
SQL: SHOW COLUMNS FROM `cms_menu` [ RunTime:0.0476s ]
SQL: SELECT `menu_id`,`name` FROM `cms_menu` WHERE `status` <> -1 AND `type` = 0 ORDER BY listorder desc,menu_id desc  [ RunTime:0.0006s ]
SQL: SHOW COLUMNS FROM `cms_news` [ RunTime:0.0229s ]
SQL: SELECT `news_id`,`title`,`description` FROM `cms_news` WHERE `status` = 1 ORDER BY count desc , listorder desc LIMIT 10   [ RunTime:0.0006s ]
SQL: SHOW COLUMNS FROM `cms_position_content` [ RunTime:0.0289s ]
NOTIC: [2] Missing argument 1 for Think\Model::limit(), called in D:\phpStudy\WWW\TPblog\blog\Common\Model\PositionContentModel.class.php on line 46 and defined D:\phpStudy\WWW\TPblog\ThinkPHP\Library\Think\Model.class.php 第 1829 行.
NOTIC: [8] Undefined variable: offset D:\phpStudy\WWW\TPblog\ThinkPHP\Library\Think\Model.class.php 第 1830 行.
NOTIC: [8] Undefined variable: offset D:\phpStudy\WWW\TPblog\ThinkPHP\Library\Think\Model.class.php 第 1833 行.
SQL: SELECT * FROM `cms_position_content` WHERE `position_id` = 3 AND `status` = 1 ORDER BY listorder desc ,id desc  [ RunTime:0.0008s ]
NOTIC: [2] Missing argument 1 for Think\Model::limit(), called in D:\phpStudy\WWW\TPblog\blog\Common\Model\PositionContentModel.class.php on line 46 and defined D:\phpStudy\WWW\TPblog\ThinkPHP\Library\Think\Model.class.php 第 1829 行.
NOTIC: [8] Undefined variable: offset D:\phpStudy\WWW\TPblog\ThinkPHP\Library\Think\Model.class.php 第 1830 行.
NOTIC: [8] Undefined variable: offset D:\phpStudy\WWW\TPblog\ThinkPHP\Library\Think\Model.class.php 第 1833 行.
SQL: SELECT * FROM `cms_position_content` WHERE `position_id` = 1 AND `status` = 1 ORDER BY listorder desc ,id desc  [ RunTime:0.0006s ]
NOTIC: [2] Missing argument 1 for Think\Model::limit(), called in D:\phpStudy\WWW\TPblog\blog\Common\Model\PositionContentModel.class.php on line 46 and defined D:\phpStudy\WWW\TPblog\ThinkPHP\Library\Think\Model.class.php 第 1829 行.
NOTIC: [8] Undefined variable: offset D:\phpStudy\WWW\TPblog\ThinkPHP\Library\Think\Model.class.php 第 1830 行.
NOTIC: [8] Undefined variable: offset D:\phpStudy\WWW\TPblog\ThinkPHP\Library\Think\Model.class.php 第 1833 行.
SQL: SELECT * FROM `cms_position_content` WHERE `position_id` = 2 AND `status` = 1 ORDER BY listorder desc ,id desc  [ RunTime:0.0006s ]
NOTIC: [2] Missing argument 1 for Think\Model::field(), called in D:\phpStudy\WWW\TPblog\blog\Common\Model\NewsModel.class.php on line 123 and defined D:\phpStudy\WWW\TPblog\ThinkPHP\Library\Think\Model.class.php 第 1740 行.
NOTIC: [8] Undefined variable: field D:\phpStudy\WWW\TPblog\ThinkPHP\Library\Think\Model.class.php 第 1741 行.
NOTIC: [8] Undefined variable: field D:\phpStudy\WWW\TPblog\ThinkPHP\Library\Think\Model.class.php 第 1751 行.
NOTIC: [2] Missing argument 1 for Think\Model::limit(), called in D:\phpStudy\WWW\TPblog\blog\Common\Model\NewsModel.class.php on line 123 and defined D:\phpStudy\WWW\TPblog\ThinkPHP\Library\Think\Model.class.php 第 1829 行.
NOTIC: [8] Undefined variable: offset D:\phpStudy\WWW\TPblog\ThinkPHP\Library\Think\Model.class.php 第 1830 行.
NOTIC: [8] Undefined variable: offset D:\phpStudy\WWW\TPblog\ThinkPHP\Library\Think\Model.class.php 第 1833 行.
SQL: SELECT * FROM `cms_news` WHERE `status` = 1 ORDER BY create_time desc  [ RunTime:0.0008s ]
INFO: [ view_parse ] --START--
INFO: [ template_filter ] --START--
INFO: Run Behavior\ContentReplaceBehavior [ RunTime:0.000147s ]
INFO: [ template_filter ] --END-- [ RunTime:0.000231s ]
NOTIC: [8] Undefined index: count D:\phpStudy\WWW\TPblog\blog\Runtime\Cache\Home\8add46d1b8bbf734fafd02ec3280ff7c.php 第 79 行.
INFO: Run Behavior\ParseTemplateBehavior [ RunTime:0.162546s ]
INFO: [ view_parse ] --END-- [ RunTime:0.162643s ]
INFO: [ view_filter ] --START--
INFO: Run Behavior\WriteHtmlCacheBehavior [ RunTime:0.000552s ]
INFO: [ view_filter ] --END-- [ RunTime:0.000612s ]

[ 2017-08-29T11:54:38+08:00 ] 127.0.0.1 /index.php?m=home&c=index
INFO: [ app_init ] --START--
INFO: Run Behavior\BuildLiteBehavior [ RunTime:0.000029s ]
INFO: [ app_init ] --END-- [ RunTime:0.001187s ]
INFO: [ app_begin ] --START--
INFO: Run Behavior\ReadHtmlCacheBehavior [ RunTime:0.001210s ]
INFO: [ app_begin ] --END-- [ RunTime:0.001344s ]
NOTIC: [2048] Declaration of Home\Controller\CommonController::error() should be compatible with that of Think\Controller::error() D:\phpStudy\WWW\TPblog\blog\Home\Controller\CommonController.class.php 第 85 行.
SQL: SHOW COLUMNS FROM `cms_menu` [ RunTime:0.0460s ]
SQL: SELECT `menu_id`,`name` FROM `cms_menu` WHERE `status` <> -1 AND `type` = 0 ORDER BY listorder desc,menu_id desc  [ RunTime:0.0005s ]
SQL: SHOW COLUMNS FROM `cms_news` [ RunTime:0.0235s ]
SQL: SELECT `news_id`,`title`,`description` FROM `cms_news` WHERE `status` = 1 ORDER BY count desc , listorder desc LIMIT 10   [ RunTime:0.0005s ]
SQL: SHOW COLUMNS FROM `cms_position_content` [ RunTime:0.0225s ]
NOTIC: [2] Missing argument 1 for Think\Model::limit(), called in D:\phpStudy\WWW\TPblog\blog\Common\Model\PositionContentModel.class.php on line 46 and defined D:\phpStudy\WWW\TPblog\ThinkPHP\Library\Think\Model.class.php 第 1829 行.
NOTIC: [8] Undefined variable: offset D:\phpStudy\WWW\TPblog\ThinkPHP\Library\Think\Model.class.php 第 1830 行.
NOTIC: [8] Undefined variable: offset D:\phpStudy\WWW\TPblog\ThinkPHP\Library\Think\Model.class.php 第 1833 行.
SQL: SELECT * FROM `cms_position_content` WHERE `position_id` = 3 AND `status` = 1 ORDER BY listorder desc ,id desc  [ RunTime:0.0004s ]
NOTIC: [2] Missing argument 1 for Think\Model::limit(), called in D:\phpStudy\WWW\TPblog\blog\Common\Model\PositionContentModel.class.php on line 46 and defined D:\phpStudy\WWW\TPblog\ThinkPHP\Library\Think\Model.class.php 第 1829 行.
NOTIC: [8] Undefined variable: offset D:\phpStudy\WWW\TPblog\ThinkPHP\Library\Think\Model.class.php 第 1830 行.
NOTIC: [8] Undefined variable: offset D:\phpStudy\WWW\TPblog\ThinkPHP\Library\Think\Model.class.php 第 1833 行.
SQL: SELECT * FROM `cms_position_content` WHERE `position_id` = 1 AND `status` = 1 ORDER BY listorder desc ,id desc  [ RunTime:0.0003s ]
NOTIC: [2] Missing argument 1 for Think\Model::limit(), called in D:\phpStudy\WWW\TPblog\blog\Common\Model\PositionContentModel.class.php on line 46 and defined D:\phpStudy\WWW\TPblog\ThinkPHP\Library\Think\Model.class.php 第 1829 行.
NOTIC: [8] Undefined variable: offset D:\phpStudy\WWW\TPblog\ThinkPHP\Library\Think\Model.class.php 第 1830 行.
NOTIC: [8] Undefined variable: offset D:\phpStudy\WWW\TPblog\ThinkPHP\Library\Think\Model.class.php 第 1833 行.
SQL: SELECT * FROM `cms_position_content` WHERE `position_id` = 2 AND `status` = 1 ORDER BY listorder desc ,id desc  [ RunTime:0.0002s ]
NOTIC: [2] Missing argument 1 for Think\Model::field(), called in D:\phpStudy\WWW\TPblog\blog\Common\Model\NewsModel.class.php on line 123 and defined D:\phpStudy\WWW\TPblog\ThinkPHP\Library\Think\Model.class.php 第 1740 行.
NOTIC: [8] Undefined variable: field D:\phpStudy\WWW\TPblog\ThinkPHP\Library\Think\Model.class.php 第 1741 行.
NOTIC: [8] Undefined variable: field D:\phpStudy\WWW\TPblog\ThinkPHP\Library\Think\Model.class.php 第 1751 行.
NOTIC: [2] Missing argument 1 for Think\Model::limit(), called in D:\phpStudy\WWW\TPblog\blog\Common\Model\NewsModel.class.php on line 123 and defined D:\phpStudy\WWW\TPblog\ThinkPHP\Library\Think\Model.class.php 第 1829 行.
NOTIC: [8] Undefined variable: offset D:\phpStudy\WWW\TPblog\ThinkPHP\Library\Think\Model.class.php 第 1830 行.
NOTIC: [8] Undefined variable: offset D:\phpStudy\WWW\TPblog\ThinkPHP\Library\Think\Model.class.php 第 1833 行.
SQL: SELECT * FROM `cms_news` WHERE `status` = 1 ORDER BY create_time desc  [ RunTime:0.0004s ]
INFO: [ view_parse ] --START--
INFO: [ template_filter ] --START--
INFO: Run Behavior\ContentReplaceBehavior [ RunTime:0.000157s ]
INFO: [ template_filter ] --END-- [ RunTime:0.000274s ]
NOTIC: [8] Undefined index: count D:\phpStudy\WWW\TPblog\blog\Runtime\Cache\Home\8add46d1b8bbf734fafd02ec3280ff7c.php 第 79 行.
INFO: Run Behavior\ParseTemplateBehavior [ RunTime:0.154277s ]
INFO: [ view_parse ] --END-- [ RunTime:0.154387s ]
INFO: [ view_filter ] --START--
INFO: Run Behavior\WriteHtmlCacheBehavior [ RunTime:0.000908s ]
INFO: [ view_filter ] --END-- [ RunTime:0.001018s ]
INFO: [ app_end ] --START--
INFO: Run Behavior\ShowPageTraceBehavior [ RunTime:0.001554s ]
INFO: [ app_end ] --END-- [ RunTime:0.001772s ]

