[ 2017-08-27T23:06:28+08:00 ] 127.0.0.1 /index.php
INFO: [ app_init ] --START--
INFO: Run Behavior\BuildLiteBehavior [ RunTime:0.000027s ]
INFO: [ app_init ] --END-- [ RunTime:0.000993s ]
INFO: [ app_begin ] --START--
INFO: Run Behavior\ReadHtmlCacheBehavior [ RunTime:0.001518s ]
INFO: [ app_begin ] --END-- [ RunTime:0.001662s ]
NOTIC: [2048] Declaration of Home\Controller\IndexController::error() should be compatible with that of Think\Controller::error() D:\phpStudy\WWW\TPblog\blog\Home\Controller\IndexController.class.php 第 6 行.
SQL: SHOW COLUMNS FROM `cms_menu` [ RunTime:0.0291s ]
SQL: SELECT `menu_id`,`name` FROM `cms_menu` WHERE `status` <> -1 AND `type` = 0 ORDER BY listorder desc,menu_id desc  [ RunTime:0.0004s ]
SQL: SHOW COLUMNS FROM `cms_news` [ RunTime:0.0253s ]
SQL: SELECT `news_id`,`title`,`description` FROM `cms_news` WHERE `status` = 1 ORDER BY count desc , listorder desc LIMIT 10   [ RunTime:0.0011s ]
SQL: SHOW COLUMNS FROM `cms_position_content` [ RunTime:0.0248s ]
SQL: SELECT * FROM `cms_position_content` WHERE `position_id` = 3 AND `status` = 1 ORDER BY listorder desc ,id desc LIMIT 2   [ RunTime:0.0004s ]

[ 2017-08-27T23:07:08+08:00 ] 127.0.0.1 /index.php
INFO: [ app_init ] --START--
INFO: Run Behavior\BuildLiteBehavior [ RunTime:0.000022s ]
INFO: [ app_init ] --END-- [ RunTime:0.000594s ]
INFO: [ app_begin ] --START--
INFO: Run Behavior\ReadHtmlCacheBehavior [ RunTime:0.001730s ]
INFO: [ app_begin ] --END-- [ RunTime:0.001859s ]
NOTIC: [2048] Declaration of Home\Controller\IndexController::error() should be compatible with that of Think\Controller::error() D:\phpStudy\WWW\TPblog\blog\Home\Controller\IndexController.class.php 第 6 行.
SQL: SHOW COLUMNS FROM `cms_menu` [ RunTime:0.0398s ]
SQL: SELECT `menu_id`,`name` FROM `cms_menu` WHERE `status` <> -1 AND `type` = 0 ORDER BY listorder desc,menu_id desc  [ RunTime:0.0006s ]
SQL: SHOW COLUMNS FROM `cms_news` [ RunTime:0.0321s ]
SQL: SELECT `news_id`,`title`,`description` FROM `cms_news` WHERE `status` = 1 ORDER BY count desc , listorder desc LIMIT 10   [ RunTime:0.0009s ]
SQL: SHOW COLUMNS FROM `cms_position_content` [ RunTime:0.0309s ]
SQL: SELECT * FROM `cms_position_content` WHERE `position_id` = 3 AND `status` = 1 ORDER BY listorder desc ,id desc LIMIT 2   [ RunTime:0.0006s ]
NOTIC: [2] Missing argument 1 for Think\Controller::assign(), called in D:\phpStudy\WWW\TPblog\blog\Home\Controller\IndexController.class.php on line 20 and defined D:\phpStudy\WWW\TPblog\ThinkPHP\Library\Think\Controller.class.php 第 121 行.
NOTIC: [8] Undefined variable: name D:\phpStudy\WWW\TPblog\ThinkPHP\Library\Think\Controller.class.php 第 122 行.
INFO: [ view_parse ] --START--
INFO: [ template_filter ] --START--
INFO: Run Behavior\ContentReplaceBehavior [ RunTime:0.000138s ]
INFO: [ template_filter ] --END-- [ RunTime:0.000261s ]
INFO: Run Behavior\ParseTemplateBehavior [ RunTime:0.107216s ]
INFO: [ view_parse ] --END-- [ RunTime:0.107351s ]
INFO: [ view_filter ] --START--
INFO: Run Behavior\WriteHtmlCacheBehavior [ RunTime:0.000590s ]
INFO: [ view_filter ] --END-- [ RunTime:0.000666s ]
INFO: [ app_end ] --START--
INFO: Run Behavior\ShowPageTraceBehavior [ RunTime:0.000995s ]
INFO: [ app_end ] --END-- [ RunTime:0.001076s ]

[ 2017-08-27T23:08:01+08:00 ] 127.0.0.1 /index.php
INFO: [ app_init ] --START--
INFO: Run Behavior\BuildLiteBehavior [ RunTime:0.000024s ]
INFO: [ app_init ] --END-- [ RunTime:0.000724s ]
INFO: [ app_begin ] --START--
INFO: Run Behavior\ReadHtmlCacheBehavior [ RunTime:0.000989s ]
INFO: [ app_begin ] --END-- [ RunTime:0.001088s ]
NOTIC: [2048] Declaration of Home\Controller\IndexController::error() should be compatible with that of Think\Controller::error() D:\phpStudy\WWW\TPblog\blog\Home\Controller\IndexController.class.php 第 6 行.
SQL: SHOW COLUMNS FROM `cms_menu` [ RunTime:0.0312s ]
SQL: SELECT `menu_id`,`name` FROM `cms_menu` WHERE `status` <> -1 AND `type` = 0 ORDER BY listorder desc,menu_id desc  [ RunTime:0.0004s ]
SQL: SHOW COLUMNS FROM `cms_news` [ RunTime:0.0232s ]
SQL: SELECT `news_id`,`title`,`description` FROM `cms_news` WHERE `status` = 1 ORDER BY count desc , listorder desc LIMIT 10   [ RunTime:0.0006s ]
SQL: SHOW COLUMNS FROM `cms_position_content` [ RunTime:0.0249s ]
SQL: SELECT * FROM `cms_position_content` WHERE `position_id` = 3 AND `status` = 1 ORDER BY listorder desc ,id desc LIMIT 2   [ RunTime:0.0004s ]
NOTIC: [2] Missing argument 1 for Think\Controller::assign(), called in D:\phpStudy\WWW\TPblog\blog\Home\Controller\IndexController.class.php on line 20 and defined D:\phpStudy\WWW\TPblog\ThinkPHP\Library\Think\Controller.class.php 第 121 行.
NOTIC: [8] Undefined variable: name D:\phpStudy\WWW\TPblog\ThinkPHP\Library\Think\Controller.class.php 第 122 行.
INFO: [ view_parse ] --START--
INFO: [ template_filter ] --START--
INFO: Run Behavior\ContentReplaceBehavior [ RunTime:0.000129s ]
INFO: [ template_filter ] --END-- [ RunTime:0.000227s ]
INFO: Run Behavior\ParseTemplateBehavior [ RunTime:0.092182s ]
INFO: [ view_parse ] --END-- [ RunTime:0.092288s ]
INFO: [ view_filter ] --START--
INFO: Run Behavior\WriteHtmlCacheBehavior [ RunTime:0.000514s ]
INFO: [ view_filter ] --END-- [ RunTime:0.000578s ]
INFO: [ app_end ] --START--
INFO: Run Behavior\ShowPageTraceBehavior [ RunTime:0.000794s ]
INFO: [ app_end ] --END-- [ RunTime:0.000864s ]

[ 2017-08-27T23:08:10+08:00 ] 127.0.0.1 /index.php
INFO: [ app_init ] --START--
INFO: Run Behavior\BuildLiteBehavior [ RunTime:0.000035s ]
INFO: [ app_init ] --END-- [ RunTime:0.001631s ]
INFO: [ app_begin ] --START--
INFO: Run Behavior\ReadHtmlCacheBehavior [ RunTime:0.001509s ]
INFO: [ app_begin ] --END-- [ RunTime:0.001676s ]
NOTIC: [2048] Declaration of Home\Controller\IndexController::error() should be compatible with that of Think\Controller::error() D:\phpStudy\WWW\TPblog\blog\Home\Controller\IndexController.class.php 第 6 行.
SQL: SHOW COLUMNS FROM `cms_menu` [ RunTime:0.0330s ]
SQL: SELECT `menu_id`,`name` FROM `cms_menu` WHERE `status` <> -1 AND `type` = 0 ORDER BY listorder desc,menu_id desc  [ RunTime:0.0006s ]
SQL: SHOW COLUMNS FROM `cms_news` [ RunTime:0.0304s ]
SQL: SELECT `news_id`,`title`,`description` FROM `cms_news` WHERE `status` = 1 ORDER BY count desc , listorder desc LIMIT 10   [ RunTime:0.0004s ]
SQL: SHOW COLUMNS FROM `cms_position_content` [ RunTime:0.0269s ]
SQL: SELECT * FROM `cms_position_content` WHERE `position_id` = 3 AND `status` = 1 ORDER BY listorder desc ,id desc LIMIT 2   [ RunTime:0.0007s ]
NOTIC: [2] Missing argument 1 for Think\Controller::assign(), called in D:\phpStudy\WWW\TPblog\blog\Home\Controller\IndexController.class.php on line 20 and defined D:\phpStudy\WWW\TPblog\ThinkPHP\Library\Think\Controller.class.php 第 121 行.
NOTIC: [8] Undefined variable: name D:\phpStudy\WWW\TPblog\ThinkPHP\Library\Think\Controller.class.php 第 122 行.
INFO: [ view_parse ] --START--
INFO: [ template_filter ] --START--
INFO: Run Behavior\ContentReplaceBehavior [ RunTime:0.000184s ]
INFO: [ template_filter ] --END-- [ RunTime:0.000344s ]
INFO: Run Behavior\ParseTemplateBehavior [ RunTime:0.146196s ]
INFO: [ view_parse ] --END-- [ RunTime:0.146337s ]
INFO: [ view_filter ] --START--
INFO: Run Behavior\WriteHtmlCacheBehavior [ RunTime:0.001165s ]
INFO: [ view_filter ] --END-- [ RunTime:0.001307s ]
INFO: [ app_end ] --START--
INFO: Run Behavior\ShowPageTraceBehavior [ RunTime:0.001836s ]
INFO: [ app_end ] --END-- [ RunTime:0.001968s ]

[ 2017-08-27T23:09:02+08:00 ] 127.0.0.1 /index.php
INFO: [ app_init ] --START--
INFO: Run Behavior\BuildLiteBehavior [ RunTime:0.000025s ]
INFO: [ app_init ] --END-- [ RunTime:0.000618s ]
INFO: [ app_begin ] --START--
INFO: Run Behavior\ReadHtmlCacheBehavior [ RunTime:0.000818s ]
INFO: [ app_begin ] --END-- [ RunTime:0.000918s ]
NOTIC: [2048] Declaration of Home\Controller\IndexController::error() should be compatible with that of Think\Controller::error() D:\phpStudy\WWW\TPblog\blog\Home\Controller\IndexController.class.php 第 6 行.
SQL: SHOW COLUMNS FROM `cms_menu` [ RunTime:0.0258s ]
SQL: SELECT `menu_id`,`name` FROM `cms_menu` WHERE `status` <> -1 AND `type` = 0 ORDER BY listorder desc,menu_id desc  [ RunTime:0.0008s ]
SQL: SHOW COLUMNS FROM `cms_news` [ RunTime:0.0235s ]
SQL: SELECT `news_id`,`title`,`description` FROM `cms_news` WHERE `status` = 1 ORDER BY count desc , listorder desc LIMIT 10   [ RunTime:0.0005s ]
SQL: SHOW COLUMNS FROM `cms_position_content` [ RunTime:0.0229s ]
SQL: SELECT * FROM `cms_position_content` WHERE `position_id` = 3 AND `status` = 1 ORDER BY listorder desc ,id desc LIMIT 2   [ RunTime:0.0005s ]
NOTIC: [2] Missing argument 1 for Think\Controller::assign(), called in D:\phpStudy\WWW\TPblog\blog\Home\Controller\IndexController.class.php on line 20 and defined D:\phpStudy\WWW\TPblog\ThinkPHP\Library\Think\Controller.class.php 第 121 行.
NOTIC: [8] Undefined variable: name D:\phpStudy\WWW\TPblog\ThinkPHP\Library\Think\Controller.class.php 第 122 行.
INFO: [ view_parse ] --START--
INFO: [ template_filter ] --START--
INFO: Run Behavior\ContentReplaceBehavior [ RunTime:0.000122s ]
INFO: [ template_filter ] --END-- [ RunTime:0.000233s ]
INFO: Run Behavior\ParseTemplateBehavior [ RunTime:0.087387s ]
INFO: [ view_parse ] --END-- [ RunTime:0.087483s ]
INFO: [ view_filter ] --START--
INFO: Run Behavior\WriteHtmlCacheBehavior [ RunTime:0.000320s ]
INFO: [ view_filter ] --END-- [ RunTime:0.000400s ]
INFO: [ app_end ] --START--
INFO: Run Behavior\ShowPageTraceBehavior [ RunTime:0.000666s ]
INFO: [ app_end ] --END-- [ RunTime:0.000740s ]

[ 2017-08-27T23:09:52+08:00 ] 127.0.0.1 /index.php
INFO: [ app_init ] --START--
INFO: Run Behavior\BuildLiteBehavior [ RunTime:0.000018s ]
INFO: [ app_init ] --END-- [ RunTime:0.000442s ]
INFO: [ app_begin ] --START--
INFO: Run Behavior\ReadHtmlCacheBehavior [ RunTime:0.001001s ]
INFO: [ app_begin ] --END-- [ RunTime:0.001128s ]
NOTIC: [2048] Declaration of Home\Controller\IndexController::error() should be compatible with that of Think\Controller::error() D:\phpStudy\WWW\TPblog\blog\Home\Controller\IndexController.class.php 第 6 行.
SQL: SHOW COLUMNS FROM `cms_menu` [ RunTime:0.0433s ]
SQL: SELECT `menu_id`,`name` FROM `cms_menu` WHERE `status` <> -1 AND `type` = 0 ORDER BY listorder desc,menu_id desc  [ RunTime:0.0003s ]
SQL: SHOW COLUMNS FROM `cms_news` [ RunTime:0.0223s ]
SQL: SELECT `news_id`,`title`,`description` FROM `cms_news` WHERE `status` = 1 ORDER BY count desc , listorder desc LIMIT 10   [ RunTime:0.0004s ]
SQL: SHOW COLUMNS FROM `cms_position_content` [ RunTime:0.0225s ]
SQL: SELECT * FROM `cms_position_content` WHERE `position_id` = 3 AND `status` = 1 ORDER BY listorder desc ,id desc LIMIT 2   [ RunTime:0.0004s ]
NOTIC: [2] Missing argument 1 for Think\Controller::assign(), called in D:\phpStudy\WWW\TPblog\blog\Home\Controller\IndexController.class.php on line 20 and defined D:\phpStudy\WWW\TPblog\ThinkPHP\Library\Think\Controller.class.php 第 121 行.
NOTIC: [8] Undefined variable: name D:\phpStudy\WWW\TPblog\ThinkPHP\Library\Think\Controller.class.php 第 122 行.
INFO: [ view_parse ] --START--
INFO: [ template_filter ] --START--
INFO: Run Behavior\ContentReplaceBehavior [ RunTime:0.000144s ]
INFO: [ template_filter ] --END-- [ RunTime:0.000299s ]
INFO: Run Behavior\ParseTemplateBehavior [ RunTime:0.085964s ]
INFO: [ view_parse ] --END-- [ RunTime:0.086057s ]
INFO: [ view_filter ] --START--
INFO: Run Behavior\WriteHtmlCacheBehavior [ RunTime:0.000316s ]
INFO: [ view_filter ] --END-- [ RunTime:0.000382s ]
INFO: [ app_end ] --START--
INFO: Run Behavior\ShowPageTraceBehavior [ RunTime:0.000605s ]
INFO: [ app_end ] --END-- [ RunTime:0.000671s ]

[ 2017-08-27T23:23:24+08:00 ] 127.0.0.1 /index.php
INFO: [ app_init ] --START--
INFO: Run Behavior\BuildLiteBehavior [ RunTime:0.000021s ]
INFO: [ app_init ] --END-- [ RunTime:0.000582s ]
INFO: [ app_begin ] --START--
INFO: Run Behavior\ReadHtmlCacheBehavior [ RunTime:0.000898s ]
INFO: [ app_begin ] --END-- [ RunTime:0.000977s ]
NOTIC: [2048] Declaration of Home\Controller\IndexController::error() should be compatible with that of Think\Controller::error() D:\phpStudy\WWW\TPblog\blog\Home\Controller\IndexController.class.php 第 6 行.
SQL: SHOW COLUMNS FROM `cms_menu` [ RunTime:0.0449s ]
SQL: SELECT `menu_id`,`name` FROM `cms_menu` WHERE `status` <> -1 AND `type` = 0 ORDER BY listorder desc,menu_id desc  [ RunTime:0.0006s ]
SQL: SHOW COLUMNS FROM `cms_news` [ RunTime:0.0235s ]
SQL: SELECT `news_id`,`title`,`description` FROM `cms_news` WHERE `status` = 1 ORDER BY count desc , listorder desc LIMIT 10   [ RunTime:0.0005s ]
SQL: SHOW COLUMNS FROM `cms_position_content` [ RunTime:0.0228s ]
SQL: SELECT * FROM `cms_position_content` WHERE `position_id` = 3 AND `status` = 1 ORDER BY listorder desc ,id desc LIMIT 2   [ RunTime:0.0004s ]
NOTIC: [2] Missing argument 1 for Common\Model\PositionContentModel::getContentsByPositionId(), called in D:\phpStudy\WWW\TPblog\blog\Home\Controller\IndexController.class.php on line 14 and defined D:\phpStudy\WWW\TPblog\blog\Common\Model\PositionContentModel.class.php 第 37 行.
NOTIC: 建议使用E方法替代throw_exception

[ 2017-08-27T23:23:55+08:00 ] 127.0.0.1 /index.php
INFO: [ app_init ] --START--
INFO: Run Behavior\BuildLiteBehavior [ RunTime:0.000026s ]
INFO: [ app_init ] --END-- [ RunTime:0.000753s ]
INFO: [ app_begin ] --START--
INFO: Run Behavior\ReadHtmlCacheBehavior [ RunTime:0.001028s ]
INFO: [ app_begin ] --END-- [ RunTime:0.001133s ]
NOTIC: [2048] Declaration of Home\Controller\IndexController::error() should be compatible with that of Think\Controller::error() D:\phpStudy\WWW\TPblog\blog\Home\Controller\IndexController.class.php 第 6 行.
SQL: SHOW COLUMNS FROM `cms_menu` [ RunTime:0.0343s ]
SQL: SELECT `menu_id`,`name` FROM `cms_menu` WHERE `status` <> -1 AND `type` = 0 ORDER BY listorder desc,menu_id desc  [ RunTime:0.0004s ]
SQL: SHOW COLUMNS FROM `cms_news` [ RunTime:0.0271s ]
SQL: SELECT `news_id`,`title`,`description` FROM `cms_news` WHERE `status` = 1 ORDER BY count desc , listorder desc LIMIT 10   [ RunTime:0.0005s ]
SQL: SHOW COLUMNS FROM `cms_position_content` [ RunTime:0.0252s ]
SQL: SELECT * FROM `cms_position_content` WHERE `position_id` = 3 AND `status` = 1 ORDER BY listorder desc ,id desc LIMIT 2   [ RunTime:0.0005s ]
SQL: SELECT * FROM `cms_position_content` WHERE `position_id` = 1 AND `status` = 1 ORDER BY listorder desc ,id desc LIMIT 2   [ RunTime:0.0006s ]
SQL: SELECT * FROM `cms_position_content` WHERE `position_id` = 2 AND `status` = 1 ORDER BY listorder desc ,id desc LIMIT 2   [ RunTime:0.0006s ]
NOTIC: [2] Missing argument 1 for Think\Model::limit(), called in D:\phpStudy\WWW\TPblog\blog\Common\Model\NewsModel.class.php on line 123 and defined D:\phpStudy\WWW\TPblog\ThinkPHP\Library\Think\Model.class.php 第 1829 行.
NOTIC: [8] Undefined variable: offset D:\phpStudy\WWW\TPblog\ThinkPHP\Library\Think\Model.class.php 第 1830 行.
NOTIC: [8] Undefined variable: offset D:\phpStudy\WWW\TPblog\ThinkPHP\Library\Think\Model.class.php 第 1833 行.
SQL: SELECT * FROM `cms_news` WHERE `status` <> 1 ORDER BY create_time desc  [ RunTime:0.0003s ]
INFO: [ view_parse ] --START--
INFO: [ template_filter ] --START--
INFO: Run Behavior\ContentReplaceBehavior [ RunTime:0.000140s ]
INFO: [ template_filter ] --END-- [ RunTime:0.000237s ]
INFO: Run Behavior\ParseTemplateBehavior [ RunTime:0.109832s ]
INFO: [ view_parse ] --END-- [ RunTime:0.109941s ]
INFO: [ view_filter ] --START--
INFO: Run Behavior\WriteHtmlCacheBehavior [ RunTime:0.000507s ]
INFO: [ view_filter ] --END-- [ RunTime:0.000572s ]
INFO: [ app_end ] --START--
INFO: Run Behavior\ShowPageTraceBehavior [ RunTime:0.000781s ]
INFO: [ app_end ] --END-- [ RunTime:0.000850s ]

[ 2017-08-27T23:26:39+08:00 ] 127.0.0.1 /index.php
INFO: [ app_init ] --START--
INFO: Run Behavior\BuildLiteBehavior [ RunTime:0.000026s ]
INFO: [ app_init ] --END-- [ RunTime:0.000744s ]
INFO: [ app_begin ] --START--
INFO: Run Behavior\ReadHtmlCacheBehavior [ RunTime:0.001191s ]
INFO: [ app_begin ] --END-- [ RunTime:0.001291s ]
NOTIC: [2048] Declaration of Home\Controller\IndexController::error() should be compatible with that of Think\Controller::error() D:\phpStudy\WWW\TPblog\blog\Home\Controller\IndexController.class.php 第 6 行.
SQL: SHOW COLUMNS FROM `cms_menu` [ RunTime:0.0297s ]
SQL: SELECT `menu_id`,`name` FROM `cms_menu` WHERE `status` <> -1 AND `type` = 0 ORDER BY listorder desc,menu_id desc  [ RunTime:0.0004s ]
SQL: SHOW COLUMNS FROM `cms_news` [ RunTime:0.0265s ]
SQL: SELECT `news_id`,`title`,`description` FROM `cms_news` WHERE `status` = 1 ORDER BY count desc , listorder desc LIMIT 10   [ RunTime:0.0005s ]
SQL: SHOW COLUMNS FROM `cms_position_content` [ RunTime:0.0254s ]
SQL: SELECT * FROM `cms_position_content` WHERE `position_id` = 3 AND `status` = 1 ORDER BY listorder desc ,id desc  [ RunTime:0.0006s ]
SQL: SELECT * FROM `cms_position_content` WHERE `position_id` = 1 AND `status` = 1 ORDER BY listorder desc ,id desc  [ RunTime:0.0002s ]
SQL: SELECT * FROM `cms_position_content` WHERE `position_id` = 2 AND `status` = 1 ORDER BY listorder desc ,id desc  [ RunTime:0.0002s ]
NOTIC: [2] Missing argument 1 for Think\Model::limit(), called in D:\phpStudy\WWW\TPblog\blog\Common\Model\NewsModel.class.php on line 123 and defined D:\phpStudy\WWW\TPblog\ThinkPHP\Library\Think\Model.class.php 第 1829 行.
NOTIC: [8] Undefined variable: offset D:\phpStudy\WWW\TPblog\ThinkPHP\Library\Think\Model.class.php 第 1830 行.
NOTIC: [8] Undefined variable: offset D:\phpStudy\WWW\TPblog\ThinkPHP\Library\Think\Model.class.php 第 1833 行.
SQL: SELECT * FROM `cms_news` WHERE `status` <> 1 ORDER BY create_time desc  [ RunTime:0.0002s ]
INFO: [ view_parse ] --START--
INFO: [ template_filter ] --START--
INFO: Run Behavior\ContentReplaceBehavior [ RunTime:0.000164s ]
INFO: [ template_filter ] --END-- [ RunTime:0.000282s ]
NOTIC: [8] Undefined index: count D:\phpStudy\WWW\TPblog\blog\Runtime\Cache\Home\8add46d1b8bbf734fafd02ec3280ff7c.php 第 77 行.
INFO: Run Behavior\ParseTemplateBehavior [ RunTime:0.107346s ]
INFO: [ view_parse ] --END-- [ RunTime:0.107431s ]
INFO: [ view_filter ] --START--
INFO: Run Behavior\WriteHtmlCacheBehavior [ RunTime:0.000562s ]
INFO: [ view_filter ] --END-- [ RunTime:0.000642s ]
INFO: [ app_end ] --START--
INFO: Run Behavior\ShowPageTraceBehavior [ RunTime:0.000913s ]
INFO: [ app_end ] --END-- [ RunTime:0.001046s ]

[ 2017-08-27T23:35:39+08:00 ] 127.0.0.1 /index.php
INFO: [ app_init ] --START--
INFO: Run Behavior\BuildLiteBehavior [ RunTime:0.000027s ]
INFO: [ app_init ] --END-- [ RunTime:0.000733s ]
INFO: [ app_begin ] --START--
INFO: Run Behavior\ReadHtmlCacheBehavior [ RunTime:0.001263s ]
INFO: [ app_begin ] --END-- [ RunTime:0.001415s ]
NOTIC: [2048] Declaration of Home\Controller\IndexController::error() should be compatible with that of Think\Controller::error() D:\phpStudy\WWW\TPblog\blog\Home\Controller\IndexController.class.php 第 6 行.
SQL: SHOW COLUMNS FROM `cms_menu` [ RunTime:0.0278s ]
SQL: SELECT `menu_id`,`name` FROM `cms_menu` WHERE `status` <> -1 AND `type` = 0 ORDER BY listorder desc,menu_id desc  [ RunTime:0.0005s ]
SQL: SHOW COLUMNS FROM `cms_news` [ RunTime:0.0272s ]
SQL: SELECT `news_id`,`title`,`description` FROM `cms_news` WHERE `status` = 1 ORDER BY count desc , listorder desc LIMIT 10   [ RunTime:0.0005s ]
SQL: SHOW COLUMNS FROM `cms_position_content` [ RunTime:0.0266s ]
NOTIC: [2] Missing argument 1 for Think\Model::limit(), called in D:\phpStudy\WWW\TPblog\blog\Common\Model\PositionContentModel.class.php on line 46 and defined D:\phpStudy\WWW\TPblog\ThinkPHP\Library\Think\Model.class.php 第 1829 行.
NOTIC: [8] Undefined variable: offset D:\phpStudy\WWW\TPblog\ThinkPHP\Library\Think\Model.class.php 第 1830 行.
NOTIC: [8] Undefined variable: offset D:\phpStudy\WWW\TPblog\ThinkPHP\Library\Think\Model.class.php 第 1833 行.
SQL: SELECT * FROM `cms_position_content` WHERE `position_id` = 3 AND `status` = 1 ORDER BY listorder desc ,id desc  [ RunTime:0.0004s ]
NOTIC: [2] Missing argument 1 for Think\Model::limit(), called in D:\phpStudy\WWW\TPblog\blog\Common\Model\PositionContentModel.class.php on line 46 and defined D:\phpStudy\WWW\TPblog\ThinkPHP\Library\Think\Model.class.php 第 1829 行.
NOTIC: [8] Undefined variable: offset D:\phpStudy\WWW\TPblog\ThinkPHP\Library\Think\Model.class.php 第 1830 行.
NOTIC: [8] Undefined variable: offset D:\phpStudy\WWW\TPblog\ThinkPHP\Library\Think\Model.class.php 第 1833 行.
SQL: SELECT * FROM `cms_position_content` WHERE `position_id` = 1 AND `status` = 1 ORDER BY listorder desc ,id desc  [ RunTime:0.0002s ]
NOTIC: [2] Missing argument 1 for Think\Model::limit(), called in D:\phpStudy\WWW\TPblog\blog\Common\Model\PositionContentModel.class.php on line 46 and defined D:\phpStudy\WWW\TPblog\ThinkPHP\Library\Think\Model.class.php 第 1829 行.
NOTIC: [8] Undefined variable: offset D:\phpStudy\WWW\TPblog\ThinkPHP\Library\Think\Model.class.php 第 1830 行.
NOTIC: [8] Undefined variable: offset D:\phpStudy\WWW\TPblog\ThinkPHP\Library\Think\Model.class.php 第 1833 行.
SQL: SELECT * FROM `cms_position_content` WHERE `position_id` = 2 AND `status` = 1 ORDER BY listorder desc ,id desc  [ RunTime:0.0002s ]
NOTIC: [2] Missing argument 1 for Think\Model::limit(), called in D:\phpStudy\WWW\TPblog\blog\Common\Model\NewsModel.class.php on line 123 and defined D:\phpStudy\WWW\TPblog\ThinkPHP\Library\Think\Model.class.php 第 1829 行.
NOTIC: [8] Undefined variable: offset D:\phpStudy\WWW\TPblog\ThinkPHP\Library\Think\Model.class.php 第 1830 行.
NOTIC: [8] Undefined variable: offset D:\phpStudy\WWW\TPblog\ThinkPHP\Library\Think\Model.class.php 第 1833 行.
SQL: SELECT * FROM `cms_news` WHERE `status` <> 1 ORDER BY create_time desc  [ RunTime:0.0002s ]
INFO: [ view_parse ] --START--
INFO: [ template_filter ] --START--
INFO: Run Behavior\ContentReplaceBehavior [ RunTime:0.000139s ]
INFO: [ template_filter ] --END-- [ RunTime:0.000238s ]
NOTIC: [8] Undefined index: count D:\phpStudy\WWW\TPblog\blog\Runtime\Cache\Home\8add46d1b8bbf734fafd02ec3280ff7c.php 第 77 行.
INFO: Run Behavior\ParseTemplateBehavior [ RunTime:0.115526s ]
INFO: [ view_parse ] --END-- [ RunTime:0.115607s ]
INFO: [ view_filter ] --START--
INFO: Run Behavior\WriteHtmlCacheBehavior [ RunTime:0.000519s ]
INFO: [ view_filter ] --END-- [ RunTime:0.000585s ]
INFO: [ app_end ] --START--
INFO: Run Behavior\ShowPageTraceBehavior [ RunTime:0.000824s ]
INFO: [ app_end ] --END-- [ RunTime:0.000896s ]

[ 2017-08-27T23:36:07+08:00 ] 127.0.0.1 /index.php
INFO: [ app_init ] --START--
INFO: Run Behavior\BuildLiteBehavior [ RunTime:0.000019s ]
INFO: [ app_init ] --END-- [ RunTime:0.000525s ]
INFO: [ app_begin ] --START--
INFO: Run Behavior\ReadHtmlCacheBehavior [ RunTime:0.000821s ]
INFO: [ app_begin ] --END-- [ RunTime:0.000896s ]
NOTIC: [2048] Declaration of Home\Controller\IndexController::error() should be compatible with that of Think\Controller::error() D:\phpStudy\WWW\TPblog\blog\Home\Controller\IndexController.class.php 第 6 行.
SQL: SHOW COLUMNS FROM `cms_menu` [ RunTime:0.0265s ]
SQL: SELECT `menu_id`,`name` FROM `cms_menu` WHERE `status` <> -1 AND `type` = 0 ORDER BY listorder desc,menu_id desc  [ RunTime:0.0004s ]
SQL: SHOW COLUMNS FROM `cms_news` [ RunTime:0.0224s ]
SQL: SELECT `news_id`,`title`,`description` FROM `cms_news` WHERE `status` = 1 ORDER BY count desc , listorder desc LIMIT 10   [ RunTime:0.0004s ]
SQL: SHOW COLUMNS FROM `cms_position_content` [ RunTime:0.0222s ]
NOTIC: [2] Missing argument 1 for Think\Model::limit(), called in D:\phpStudy\WWW\TPblog\blog\Common\Model\PositionContentModel.class.php on line 46 and defined D:\phpStudy\WWW\TPblog\ThinkPHP\Library\Think\Model.class.php 第 1829 行.
NOTIC: [8] Undefined variable: offset D:\phpStudy\WWW\TPblog\ThinkPHP\Library\Think\Model.class.php 第 1830 行.
NOTIC: [8] Undefined variable: offset D:\phpStudy\WWW\TPblog\ThinkPHP\Library\Think\Model.class.php 第 1833 行.
SQL: SELECT * FROM `cms_position_content` WHERE `position_id` = 3 AND `status` = 1 ORDER BY listorder desc ,id desc  [ RunTime:0.0004s ]
NOTIC: [2] Missing argument 1 for Think\Model::limit(), called in D:\phpStudy\WWW\TPblog\blog\Common\Model\PositionContentModel.class.php on line 46 and defined D:\phpStudy\WWW\TPblog\ThinkPHP\Library\Think\Model.class.php 第 1829 行.
NOTIC: [8] Undefined variable: offset D:\phpStudy\WWW\TPblog\ThinkPHP\Library\Think\Model.class.php 第 1830 行.
NOTIC: [8] Undefined variable: offset D:\phpStudy\WWW\TPblog\ThinkPHP\Library\Think\Model.class.php 第 1833 行.
SQL: SELECT * FROM `cms_position_content` WHERE `position_id` = 1 AND `status` = 1 ORDER BY listorder desc ,id desc  [ RunTime:0.0005s ]
NOTIC: [2] Missing argument 1 for Think\Model::limit(), called in D:\phpStudy\WWW\TPblog\blog\Common\Model\PositionContentModel.class.php on line 46 and defined D:\phpStudy\WWW\TPblog\ThinkPHP\Library\Think\Model.class.php 第 1829 行.
NOTIC: [8] Undefined variable: offset D:\phpStudy\WWW\TPblog\ThinkPHP\Library\Think\Model.class.php 第 1830 行.
NOTIC: [8] Undefined variable: offset D:\phpStudy\WWW\TPblog\ThinkPHP\Library\Think\Model.class.php 第 1833 行.
SQL: SELECT * FROM `cms_position_content` WHERE `position_id` = 2 AND `status` = 1 ORDER BY listorder desc ,id desc  [ RunTime:0.0005s ]
NOTIC: [2] Missing argument 1 for Think\Model::limit(), called in D:\phpStudy\WWW\TPblog\blog\Common\Model\NewsModel.class.php on line 123 and defined D:\phpStudy\WWW\TPblog\ThinkPHP\Library\Think\Model.class.php 第 1829 行.
NOTIC: [8] Undefined variable: offset D:\phpStudy\WWW\TPblog\ThinkPHP\Library\Think\Model.class.php 第 1830 行.
NOTIC: [8] Undefined variable: offset D:\phpStudy\WWW\TPblog\ThinkPHP\Library\Think\Model.class.php 第 1833 行.
SQL: SELECT * FROM `cms_news` WHERE `status` <> 1 ORDER BY create_time desc  [ RunTime:0.0002s ]
INFO: [ view_parse ] --START--
INFO: [ template_filter ] --START--
INFO: Run Behavior\ContentReplaceBehavior [ RunTime:0.000140s ]
INFO: [ template_filter ] --END-- [ RunTime:0.000237s ]
NOTIC: [8] Undefined index: count D:\phpStudy\WWW\TPblog\blog\Runtime\Cache\Home\8add46d1b8bbf734fafd02ec3280ff7c.php 第 77 行.
INFO: Run Behavior\ParseTemplateBehavior [ RunTime:0.113215s ]
INFO: [ view_parse ] --END-- [ RunTime:0.113306s ]
INFO: [ view_filter ] --START--
INFO: Run Behavior\WriteHtmlCacheBehavior [ RunTime:0.000741s ]
INFO: [ view_filter ] --END-- [ RunTime:0.000835s ]
INFO: [ app_end ] --START--
INFO: Run Behavior\ShowPageTraceBehavior [ RunTime:0.001045s ]
INFO: [ app_end ] --END-- [ RunTime:0.001126s ]

[ 2017-08-27T23:44:22+08:00 ] 127.0.0.1 /index.php
INFO: [ app_init ] --START--
INFO: Run Behavior\BuildLiteBehavior [ RunTime:0.000036s ]
INFO: [ app_init ] --END-- [ RunTime:0.000791s ]
INFO: [ app_begin ] --START--
INFO: Run Behavior\ReadHtmlCacheBehavior [ RunTime:0.001040s ]
INFO: [ app_begin ] --END-- [ RunTime:0.001148s ]
NOTIC: [2048] Declaration of Home\Controller\IndexController::error() should be compatible with that of Think\Controller::error() D:\phpStudy\WWW\TPblog\blog\Home\Controller\IndexController.class.php 第 6 行.
SQL: SHOW COLUMNS FROM `cms_menu` [ RunTime:0.0313s ]
SQL: SELECT `menu_id`,`name` FROM `cms_menu` WHERE `status` <> -1 AND `type` = 0 ORDER BY listorder desc,menu_id desc  [ RunTime:0.0005s ]
SQL: SHOW COLUMNS FROM `cms_news` [ RunTime:0.0236s ]
SQL: SELECT `news_id`,`title`,`description` FROM `cms_news` WHERE `status` = 1 ORDER BY count desc , listorder desc LIMIT 10   [ RunTime:0.0006s ]
SQL: SHOW COLUMNS FROM `cms_position_content` [ RunTime:0.0294s ]
NOTIC: [2] Missing argument 1 for Think\Model::limit(), called in D:\phpStudy\WWW\TPblog\blog\Common\Model\PositionContentModel.class.php on line 46 and defined D:\phpStudy\WWW\TPblog\ThinkPHP\Library\Think\Model.class.php 第 1829 行.
NOTIC: [8] Undefined variable: offset D:\phpStudy\WWW\TPblog\ThinkPHP\Library\Think\Model.class.php 第 1830 行.
NOTIC: [8] Undefined variable: offset D:\phpStudy\WWW\TPblog\ThinkPHP\Library\Think\Model.class.php 第 1833 行.
SQL: SELECT * FROM `cms_position_content` WHERE `position_id` = 3 AND `status` = 1 ORDER BY listorder desc ,id desc  [ RunTime:0.0005s ]
NOTIC: [2] Missing argument 1 for Think\Model::limit(), called in D:\phpStudy\WWW\TPblog\blog\Common\Model\PositionContentModel.class.php on line 46 and defined D:\phpStudy\WWW\TPblog\ThinkPHP\Library\Think\Model.class.php 第 1829 行.
NOTIC: [8] Undefined variable: offset D:\phpStudy\WWW\TPblog\ThinkPHP\Library\Think\Model.class.php 第 1830 行.
NOTIC: [8] Undefined variable: offset D:\phpStudy\WWW\TPblog\ThinkPHP\Library\Think\Model.class.php 第 1833 行.
SQL: SELECT * FROM `cms_position_content` WHERE `position_id` = 1 AND `status` = 1 ORDER BY listorder desc ,id desc  [ RunTime:0.0004s ]
NOTIC: [2] Missing argument 1 for Think\Model::limit(), called in D:\phpStudy\WWW\TPblog\blog\Common\Model\PositionContentModel.class.php on line 46 and defined D:\phpStudy\WWW\TPblog\ThinkPHP\Library\Think\Model.class.php 第 1829 行.
NOTIC: [8] Undefined variable: offset D:\phpStudy\WWW\TPblog\ThinkPHP\Library\Think\Model.class.php 第 1830 行.
NOTIC: [8] Undefined variable: offset D:\phpStudy\WWW\TPblog\ThinkPHP\Library\Think\Model.class.php 第 1833 行.
SQL: SELECT * FROM `cms_position_content` WHERE `position_id` = 2 AND `status` = 1 ORDER BY listorder desc ,id desc  [ RunTime:0.0004s ]
NOTIC: [2] Missing argument 1 for Think\Model::limit(), called in D:\phpStudy\WWW\TPblog\blog\Common\Model\NewsModel.class.php on line 123 and defined D:\phpStudy\WWW\TPblog\ThinkPHP\Library\Think\Model.class.php 第 1829 行.
NOTIC: [8] Undefined variable: offset D:\phpStudy\WWW\TPblog\ThinkPHP\Library\Think\Model.class.php 第 1830 行.
NOTIC: [8] Undefined variable: offset D:\phpStudy\WWW\TPblog\ThinkPHP\Library\Think\Model.class.php 第 1833 行.
SQL: SELECT * FROM `cms_news` WHERE `status` <> 1 ORDER BY create_time desc  [ RunTime:0.0003s ]
INFO: [ view_parse ] --START--
INFO: [ template_filter ] --START--
INFO: Run Behavior\ContentReplaceBehavior [ RunTime:0.000144s ]
INFO: [ template_filter ] --END-- [ RunTime:0.000236s ]
NOTIC: [8] Undefined index: count D:\phpStudy\WWW\TPblog\blog\Runtime\Cache\Home\8add46d1b8bbf734fafd02ec3280ff7c.php 第 77 行.
INFO: Run Behavior\ParseTemplateBehavior [ RunTime:0.148394s ]
INFO: [ view_parse ] --END-- [ RunTime:0.148494s ]
INFO: [ view_filter ] --START--
INFO: Run Behavior\WriteHtmlCacheBehavior [ RunTime:0.001030s ]
INFO: [ view_filter ] --END-- [ RunTime:0.001133s ]
INFO: [ app_end ] --START--
INFO: Run Behavior\ShowPageTraceBehavior [ RunTime:0.001251s ]
INFO: [ app_end ] --END-- [ RunTime:0.001405s ]

[ 2017-08-27T23:45:40+08:00 ] 127.0.0.1 /index.php
INFO: [ app_init ] --START--
INFO: Run Behavior\BuildLiteBehavior [ RunTime:0.000030s ]
INFO: [ app_init ] --END-- [ RunTime:0.000920s ]
INFO: [ app_begin ] --START--
INFO: Run Behavior\ReadHtmlCacheBehavior [ RunTime:0.001101s ]
INFO: [ app_begin ] --END-- [ RunTime:0.001220s ]
NOTIC: [2048] Declaration of Home\Controller\IndexController::error() should be compatible with that of Think\Controller::error() D:\phpStudy\WWW\TPblog\blog\Home\Controller\IndexController.class.php 第 6 行.
SQL: SHOW COLUMNS FROM `cms_menu` [ RunTime:0.0362s ]
SQL: SELECT `menu_id`,`name` FROM `cms_menu` WHERE `status` <> -1 AND `type` = 0 ORDER BY listorder desc,menu_id desc  [ RunTime:0.0005s ]
SQL: SHOW COLUMNS FROM `cms_news` [ RunTime:0.0254s ]
SQL: SELECT `news_id`,`title`,`description` FROM `cms_news` WHERE `status` = 1 ORDER BY count desc , listorder desc LIMIT 10   [ RunTime:0.0004s ]
SQL: SHOW COLUMNS FROM `cms_position_content` [ RunTime:0.0237s ]
NOTIC: [2] Missing argument 1 for Think\Model::limit(), called in D:\phpStudy\WWW\TPblog\blog\Common\Model\PositionContentModel.class.php on line 46 and defined D:\phpStudy\WWW\TPblog\ThinkPHP\Library\Think\Model.class.php 第 1829 行.
NOTIC: [8] Undefined variable: offset D:\phpStudy\WWW\TPblog\ThinkPHP\Library\Think\Model.class.php 第 1830 行.
NOTIC: [8] Undefined variable: offset D:\phpStudy\WWW\TPblog\ThinkPHP\Library\Think\Model.class.php 第 1833 行.
SQL: SELECT * FROM `cms_position_content` WHERE `position_id` = 3 AND `status` = 1 ORDER BY listorder desc ,id desc  [ RunTime:0.0006s ]
NOTIC: [2] Missing argument 1 for Think\Model::limit(), called in D:\phpStudy\WWW\TPblog\blog\Common\Model\PositionContentModel.class.php on line 46 and defined D:\phpStudy\WWW\TPblog\ThinkPHP\Library\Think\Model.class.php 第 1829 行.
NOTIC: [8] Undefined variable: offset D:\phpStudy\WWW\TPblog\ThinkPHP\Library\Think\Model.class.php 第 1830 行.
NOTIC: [8] Undefined variable: offset D:\phpStudy\WWW\TPblog\ThinkPHP\Library\Think\Model.class.php 第 1833 行.
SQL: SELECT * FROM `cms_position_content` WHERE `position_id` = 1 AND `status` = 1 ORDER BY listorder desc ,id desc  [ RunTime:0.0005s ]
NOTIC: [2] Missing argument 1 for Think\Model::limit(), called in D:\phpStudy\WWW\TPblog\blog\Common\Model\PositionContentModel.class.php on line 46 and defined D:\phpStudy\WWW\TPblog\ThinkPHP\Library\Think\Model.class.php 第 1829 行.
NOTIC: [8] Undefined variable: offset D:\phpStudy\WWW\TPblog\ThinkPHP\Library\Think\Model.class.php 第 1830 行.
NOTIC: [8] Undefined variable: offset D:\phpStudy\WWW\TPblog\ThinkPHP\Library\Think\Model.class.php 第 1833 行.
SQL: SELECT * FROM `cms_position_content` WHERE `position_id` = 2 AND `status` = 1 ORDER BY listorder desc ,id desc  [ RunTime:0.0005s ]
NOTIC: [2] Missing argument 1 for Think\Model::field(), called in D:\phpStudy\WWW\TPblog\blog\Common\Model\NewsModel.class.php on line 123 and defined D:\phpStudy\WWW\TPblog\ThinkPHP\Library\Think\Model.class.php 第 1740 行.
NOTIC: [8] Undefined variable: field D:\phpStudy\WWW\TPblog\ThinkPHP\Library\Think\Model.class.php 第 1741 行.
NOTIC: [8] Undefined variable: field D:\phpStudy\WWW\TPblog\ThinkPHP\Library\Think\Model.class.php 第 1751 行.
NOTIC: [2] Missing argument 1 for Think\Model::limit(), called in D:\phpStudy\WWW\TPblog\blog\Common\Model\NewsModel.class.php on line 123 and defined D:\phpStudy\WWW\TPblog\ThinkPHP\Library\Think\Model.class.php 第 1829 行.
NOTIC: [8] Undefined variable: offset D:\phpStudy\WWW\TPblog\ThinkPHP\Library\Think\Model.class.php 第 1830 行.
NOTIC: [8] Undefined variable: offset D:\phpStudy\WWW\TPblog\ThinkPHP\Library\Think\Model.class.php 第 1833 行.
SQL: SELECT * FROM `cms_news` WHERE `status` <> 1 ORDER BY create_time desc  [ RunTime:0.0003s ]
INFO: [ view_parse ] --START--
INFO: [ template_filter ] --START--
INFO: Run Behavior\ContentReplaceBehavior [ RunTime:0.000138s ]
INFO: [ template_filter ] --END-- [ RunTime:0.000230s ]
NOTIC: [8] Undefined index: count D:\phpStudy\WWW\TPblog\blog\Runtime\Cache\Home\8add46d1b8bbf734fafd02ec3280ff7c.php 第 77 行.
INFO: Run Behavior\ParseTemplateBehavior [ RunTime:0.171443s ]
INFO: [ view_parse ] --END-- [ RunTime:0.171537s ]
INFO: [ view_filter ] --START--
INFO: Run Behavior\WriteHtmlCacheBehavior [ RunTime:0.000589s ]
INFO: [ view_filter ] --END-- [ RunTime:0.000664s ]
INFO: [ app_end ] --START--
INFO: Run Behavior\ShowPageTraceBehavior [ RunTime:0.000994s ]
INFO: [ app_end ] --END-- [ RunTime:0.001077s ]

[ 2017-08-27T23:46:47+08:00 ] 127.0.0.1 /index.php
INFO: [ app_init ] --START--
INFO: Run Behavior\BuildLiteBehavior [ RunTime:0.000018s ]
INFO: [ app_init ] --END-- [ RunTime:0.000528s ]
INFO: [ app_begin ] --START--
INFO: Run Behavior\ReadHtmlCacheBehavior [ RunTime:0.000838s ]
INFO: [ app_begin ] --END-- [ RunTime:0.000915s ]
NOTIC: [2048] Declaration of Home\Controller\IndexController::error() should be compatible with that of Think\Controller::error() D:\phpStudy\WWW\TPblog\blog\Home\Controller\IndexController.class.php 第 6 行.
SQL: SHOW COLUMNS FROM `cms_menu` [ RunTime:0.0396s ]
SQL: SELECT `menu_id`,`name` FROM `cms_menu` WHERE `status` <> -1 AND `type` = 0 ORDER BY listorder desc,menu_id desc  [ RunTime:0.0004s ]
SQL: SHOW COLUMNS FROM `cms_news` [ RunTime:0.0226s ]
SQL: SELECT `news_id`,`title`,`description` FROM `cms_news` WHERE `status` = 1 ORDER BY count desc , listorder desc LIMIT 10   [ RunTime:0.0006s ]
SQL: SHOW COLUMNS FROM `cms_position_content` [ RunTime:0.0259s ]
NOTIC: [2] Missing argument 1 for Think\Model::limit(), called in D:\phpStudy\WWW\TPblog\blog\Common\Model\PositionContentModel.class.php on line 46 and defined D:\phpStudy\WWW\TPblog\ThinkPHP\Library\Think\Model.class.php 第 1829 行.
NOTIC: [8] Undefined variable: offset D:\phpStudy\WWW\TPblog\ThinkPHP\Library\Think\Model.class.php 第 1830 行.
NOTIC: [8] Undefined variable: offset D:\phpStudy\WWW\TPblog\ThinkPHP\Library\Think\Model.class.php 第 1833 行.
SQL: SELECT * FROM `cms_position_content` WHERE `position_id` = 3 AND `status` = 1 ORDER BY listorder desc ,id desc  [ RunTime:0.0006s ]
NOTIC: [2] Missing argument 1 for Think\Model::limit(), called in D:\phpStudy\WWW\TPblog\blog\Common\Model\PositionContentModel.class.php on line 46 and defined D:\phpStudy\WWW\TPblog\ThinkPHP\Library\Think\Model.class.php 第 1829 行.
NOTIC: [8] Undefined variable: offset D:\phpStudy\WWW\TPblog\ThinkPHP\Library\Think\Model.class.php 第 1830 行.
NOTIC: [8] Undefined variable: offset D:\phpStudy\WWW\TPblog\ThinkPHP\Library\Think\Model.class.php 第 1833 行.
SQL: SELECT * FROM `cms_position_content` WHERE `position_id` = 1 AND `status` = 1 ORDER BY listorder desc ,id desc  [ RunTime:0.0004s ]
NOTIC: [2] Missing argument 1 for Think\Model::limit(), called in D:\phpStudy\WWW\TPblog\blog\Common\Model\PositionContentModel.class.php on line 46 and defined D:\phpStudy\WWW\TPblog\ThinkPHP\Library\Think\Model.class.php 第 1829 行.
NOTIC: [8] Undefined variable: offset D:\phpStudy\WWW\TPblog\ThinkPHP\Library\Think\Model.class.php 第 1830 行.
NOTIC: [8] Undefined variable: offset D:\phpStudy\WWW\TPblog\ThinkPHP\Library\Think\Model.class.php 第 1833 行.
SQL: SELECT * FROM `cms_position_content` WHERE `position_id` = 2 AND `status` = 1 ORDER BY listorder desc ,id desc  [ RunTime:0.0004s ]
NOTIC: [2] Missing argument 1 for Think\Model::field(), called in D:\phpStudy\WWW\TPblog\blog\Common\Model\NewsModel.class.php on line 123 and defined D:\phpStudy\WWW\TPblog\ThinkPHP\Library\Think\Model.class.php 第 1740 行.
NOTIC: [8] Undefined variable: field D:\phpStudy\WWW\TPblog\ThinkPHP\Library\Think\Model.class.php 第 1741 行.
NOTIC: [8] Undefined variable: field D:\phpStudy\WWW\TPblog\ThinkPHP\Library\Think\Model.class.php 第 1751 行.
NOTIC: [2] Missing argument 1 for Think\Model::limit(), called in D:\phpStudy\WWW\TPblog\blog\Common\Model\NewsModel.class.php on line 123 and defined D:\phpStudy\WWW\TPblog\ThinkPHP\Library\Think\Model.class.php 第 1829 行.
NOTIC: [8] Undefined variable: offset D:\phpStudy\WWW\TPblog\ThinkPHP\Library\Think\Model.class.php 第 1830 行.
NOTIC: [8] Undefined variable: offset D:\phpStudy\WWW\TPblog\ThinkPHP\Library\Think\Model.class.php 第 1833 行.
SQL: SELECT * FROM `cms_news` WHERE `status` = 1 ORDER BY create_time desc  [ RunTime:0.0006s ]
INFO: [ view_parse ] --START--
INFO: [ template_filter ] --START--
INFO: Run Behavior\ContentReplaceBehavior [ RunTime:0.000135s ]
INFO: [ template_filter ] --END-- [ RunTime:0.000231s ]
NOTIC: [8] Undefined index: count D:\phpStudy\WWW\TPblog\blog\Runtime\Cache\Home\8add46d1b8bbf734fafd02ec3280ff7c.php 第 77 行.
INFO: Run Behavior\ParseTemplateBehavior [ RunTime:0.145925s ]
INFO: [ view_parse ] --END-- [ RunTime:0.146011s ]
INFO: [ view_filter ] --START--
INFO: Run Behavior\WriteHtmlCacheBehavior [ RunTime:0.000508s ]
INFO: [ view_filter ] --END-- [ RunTime:0.000572s ]
INFO: [ app_end ] --START--
INFO: Run Behavior\ShowPageTraceBehavior [ RunTime:0.000773s ]
INFO: [ app_end ] --END-- [ RunTime:0.000840s ]

