[ 2017-09-24T10:29:25+08:00 ] 127.0.0.1 /index.php?c=index&a=getCount
INFO: [ app_init ] --START--
INFO: Run Behavior\BuildLiteBehavior [ RunTime:0.000042s ]
INFO: [ app_init ] --END-- [ RunTime:0.028090s ]
INFO: [ app_begin ] --START--
INFO: Run Behavior\ReadHtmlCacheBehavior [ RunTime:0.041099s ]
INFO: [ app_begin ] --END-- [ RunTime:0.041266s ]
SQL: SHOW COLUMNS FROM `cms_menu` [ RunTime:0.1006s ]
SQL: SELECT `menu_id`,`name` FROM `cms_menu` WHERE `status` = 1 AND `type` = 0 ORDER BY listorder desc,menu_id desc  [ RunTime:0.0022s ]
SQL: SHOW COLUMNS FROM `cms_news` [ RunTime:0.0476s ]
SQL: SELECT `news_id`,`title`,`description` FROM `cms_news` WHERE `status` = 1 ORDER BY count desc , listorder desc LIMIT 10   [ RunTime:0.0009s ]
SQL: SHOW COLUMNS FROM `cms_position_content` [ RunTime:0.0564s ]
SQL: SELECT * FROM `cms_position_content` WHERE `position_id` = 3 AND `status` = 1 ORDER BY listorder desc ,id desc  [ RunTime:0.0013s ]
SQL: SELECT `news_id`,`title`,`thumb`,`status`,`count` FROM `cms_news` WHERE `news_id` IN ('1','10','9','8','7')  [ RunTime:0.0005s ]

[ 2017-09-24T10:31:49+08:00 ] 127.0.0.1 /index.php?c=detail&a=view&news_id=1
INFO: [ app_init ] --START--
INFO: Run Behavior\BuildLiteBehavior [ RunTime:0.000051s ]
INFO: [ app_init ] --END-- [ RunTime:0.001143s ]

[ 2017-09-24T10:32:39+08:00 ] 127.0.0.1 /index.php?c=index&a=getCount
INFO: [ app_init ] --START--
INFO: Run Behavior\BuildLiteBehavior [ RunTime:0.000028s ]
INFO: [ app_init ] --END-- [ RunTime:0.000630s ]
INFO: [ app_begin ] --START--
INFO: Run Behavior\ReadHtmlCacheBehavior [ RunTime:0.000780s ]
INFO: [ app_begin ] --END-- [ RunTime:0.000872s ]
SQL: SHOW COLUMNS FROM `cms_menu` [ RunTime:0.0594s ]
SQL: SELECT `menu_id`,`name` FROM `cms_menu` WHERE `status` = 1 AND `type` = 0 ORDER BY listorder desc,menu_id desc  [ RunTime:0.0008s ]
SQL: SHOW COLUMNS FROM `cms_news` [ RunTime:0.0217s ]
SQL: SELECT `news_id`,`title`,`description` FROM `cms_news` WHERE `status` = 1 ORDER BY count desc , listorder desc LIMIT 10   [ RunTime:0.0008s ]
SQL: SHOW COLUMNS FROM `cms_position_content` [ RunTime:0.0213s ]
SQL: SELECT * FROM `cms_position_content` WHERE `position_id` = 3 AND `status` = 1 ORDER BY listorder desc ,id desc  [ RunTime:0.0009s ]
SQL: SELECT `news_id`,`title`,`thumb`,`status`,`count` FROM `cms_news` WHERE `news_id` IN ('1','10','9','8','7')  [ RunTime:0.0006s ]

[ 2017-09-24T16:09:53+08:00 ] 127.0.0.1 /index.php?a=build_html
INFO: [ app_init ] --START--
INFO: Run Behavior\BuildLiteBehavior [ RunTime:0.000029s ]
INFO: [ app_init ] --END-- [ RunTime:0.022049s ]

[ 2017-09-24T16:09:56+08:00 ] 127.0.0.1 /index.php
INFO: [ app_init ] --START--
INFO: Run Behavior\BuildLiteBehavior [ RunTime:0.000019s ]
INFO: [ app_init ] --END-- [ RunTime:0.000420s ]

[ 2017-09-24T16:09:58+08:00 ] 127.0.0.1 /index.php?c=index&a=getCount
INFO: [ app_init ] --START--
INFO: Run Behavior\BuildLiteBehavior [ RunTime:0.000023s ]
INFO: [ app_init ] --END-- [ RunTime:0.000592s ]
INFO: [ app_begin ] --START--
INFO: Run Behavior\ReadHtmlCacheBehavior [ RunTime:0.000756s ]
INFO: [ app_begin ] --END-- [ RunTime:0.000846s ]
SQL: SHOW COLUMNS FROM `cms_menu` [ RunTime:0.0206s ]
SQL: SELECT `menu_id`,`name` FROM `cms_menu` WHERE `status` = 1 AND `type` = 0 ORDER BY listorder desc,menu_id desc  [ RunTime:0.0006s ]
SQL: SHOW COLUMNS FROM `cms_news` [ RunTime:0.0164s ]
SQL: SELECT `news_id`,`title`,`description` FROM `cms_news` WHERE `status` = 1 ORDER BY count desc , listorder desc LIMIT 10   [ RunTime:0.0004s ]
SQL: SHOW COLUMNS FROM `cms_position_content` [ RunTime:0.0158s ]
SQL: SELECT * FROM `cms_position_content` WHERE `position_id` = 3 AND `status` = 1 ORDER BY listorder desc ,id desc  [ RunTime:0.0004s ]
SQL: SELECT `news_id`,`title`,`thumb`,`status`,`count` FROM `cms_news` WHERE `news_id` IN ('1','10','9','8','7')  [ RunTime:0.0003s ]

[ 2017-09-24T16:19:37+08:00 ] 127.0.0.1 /index.php?c=index&a=getCount
INFO: [ app_init ] --START--
INFO: Run Behavior\BuildLiteBehavior [ RunTime:0.000032s ]
INFO: [ app_init ] --END-- [ RunTime:0.000800s ]
INFO: [ app_begin ] --START--
INFO: Run Behavior\ReadHtmlCacheBehavior [ RunTime:0.000919s ]
INFO: [ app_begin ] --END-- [ RunTime:0.001019s ]
SQL: SHOW COLUMNS FROM `cms_menu` [ RunTime:0.0190s ]
SQL: SELECT `menu_id`,`name` FROM `cms_menu` WHERE `status` = 1 AND `type` = 0 ORDER BY listorder desc,menu_id desc  [ RunTime:0.0004s ]
SQL: SHOW COLUMNS FROM `cms_news` [ RunTime:0.0138s ]
SQL: SELECT `news_id`,`title`,`description` FROM `cms_news` WHERE `status` = 1 ORDER BY count desc , listorder desc LIMIT 10   [ RunTime:0.0005s ]
SQL: SHOW COLUMNS FROM `cms_position_content` [ RunTime:0.0144s ]
SQL: SELECT * FROM `cms_position_content` WHERE `position_id` = 3 AND `status` = 1 ORDER BY listorder desc ,id desc  [ RunTime:0.0004s ]
SQL: SELECT `news_id`,`title`,`thumb`,`status`,`count` FROM `cms_news` WHERE `news_id` IN ('1','10','9','8','7')  [ RunTime:0.0003s ]

[ 2017-09-24T19:09:42+08:00 ] 127.0.0.1 /index.php?c=index&a=getCount
INFO: [ app_init ] --START--
INFO: Run Behavior\BuildLiteBehavior [ RunTime:0.000025s ]
INFO: [ app_init ] --END-- [ RunTime:0.001140s ]
INFO: [ app_begin ] --START--
INFO: Run Behavior\ReadHtmlCacheBehavior [ RunTime:0.008536s ]
INFO: [ app_begin ] --END-- [ RunTime:0.008648s ]
SQL: SHOW COLUMNS FROM `cms_menu` [ RunTime:0.0341s ]
SQL: SELECT `menu_id`,`name` FROM `cms_menu` WHERE `status` = 1 AND `type` = 0 ORDER BY listorder desc,menu_id desc  [ RunTime:0.0005s ]
SQL: SHOW COLUMNS FROM `cms_news` [ RunTime:0.0222s ]
SQL: SELECT `news_id`,`title`,`description` FROM `cms_news` WHERE `status` = 1 ORDER BY count desc , listorder desc LIMIT 10   [ RunTime:0.0005s ]
SQL: SHOW COLUMNS FROM `cms_position_content` [ RunTime:0.0272s ]
SQL: SELECT * FROM `cms_position_content` WHERE `position_id` = 3 AND `status` = 1 ORDER BY listorder desc ,id desc  [ RunTime:0.0007s ]
SQL: SELECT `news_id`,`title`,`thumb`,`status`,`count` FROM `cms_news` WHERE `news_id` IN ('1','10','9','8','7')  [ RunTime:0.0002s ]

