[ 2017-12-04T18:33:32+08:00 ] 127.0.0.1 /index.php?c=index&a=getCount
INFO: [ app_init ] --START--
INFO: Run Behavior\BuildLiteBehavior [ RunTime:0.000027s ]
INFO: [ app_init ] --END-- [ RunTime:0.020831s ]
INFO: [ app_begin ] --START--
INFO: Run Behavior\ReadHtmlCacheBehavior [ RunTime:0.035257s ]
INFO: [ app_begin ] --END-- [ RunTime:0.035362s ]
SQL: SHOW COLUMNS FROM `cms_menu` [ RunTime:0.0494s ]
SQL: SELECT `menu_id`,`name` FROM `cms_menu` WHERE `status` = 1 AND `type` = 0 ORDER BY listorder desc,menu_id desc  [ RunTime:0.0012s ]
SQL: SHOW COLUMNS FROM `cms_news` [ RunTime:0.0397s ]
SQL: SELECT `news_id`,`title`,`description` FROM `cms_news` WHERE `status` = 1 ORDER BY count desc , listorder desc LIMIT 10   [ RunTime:0.0005s ]
SQL: SHOW COLUMNS FROM `cms_position_content` [ RunTime:0.0484s ]
SQL: SELECT * FROM `cms_position_content` WHERE `position_id` = 3 AND `status` = 1 ORDER BY listorder desc ,id desc  [ RunTime:0.0010s ]
SQL: SELECT `news_id`,`title`,`thumb`,`status`,`count` FROM `cms_news` WHERE `news_id` IN ('1','10','9','8','7')  [ RunTime:0.0004s ]

[ 2017-12-04T18:33:37+08:00 ] 127.0.0.1 /index.php?c=detail&news_id=7
INFO: [ app_init ] --START--
INFO: Run Behavior\BuildLiteBehavior [ RunTime:0.000019s ]
INFO: [ app_init ] --END-- [ RunTime:0.000462s ]

[ 2017-12-04T18:33:43+08:00 ] 127.0.0.1 /index.php?c=cat&catid=7
INFO: [ app_init ] --START--
INFO: Run Behavior\BuildLiteBehavior [ RunTime:0.000027s ]
INFO: [ app_init ] --END-- [ RunTime:0.000668s ]

[ 2017-12-04T18:33:45+08:00 ] 127.0.0.1 /index.php?c=cat&catid=15
INFO: [ app_init ] --START--
INFO: Run Behavior\BuildLiteBehavior [ RunTime:0.000018s ]
INFO: [ app_init ] --END-- [ RunTime:0.000434s ]

[ 2017-12-04T18:33:48+08:00 ] 127.0.0.1 /index.php?c=cat&catid=1
INFO: [ app_init ] --START--
INFO: Run Behavior\BuildLiteBehavior [ RunTime:0.000017s ]
INFO: [ app_init ] --END-- [ RunTime:0.000450s ]

[ 2017-12-04T18:33:52+08:00 ] 127.0.0.1 /index.php?c=detail&news_id=7
INFO: [ app_init ] --START--
INFO: Run Behavior\BuildLiteBehavior [ RunTime:0.000022s ]
INFO: [ app_init ] --END-- [ RunTime:0.000454s ]

[ 2017-12-04T18:33:59+08:00 ] 127.0.0.1 /index.php?c=index&a=getCount
INFO: [ app_init ] --START--
INFO: Run Behavior\BuildLiteBehavior [ RunTime:0.000028s ]
INFO: [ app_init ] --END-- [ RunTime:0.000694s ]
INFO: [ app_begin ] --START--
INFO: Run Behavior\ReadHtmlCacheBehavior [ RunTime:0.001067s ]
INFO: [ app_begin ] --END-- [ RunTime:0.001193s ]
SQL: SHOW COLUMNS FROM `cms_menu` [ RunTime:0.0211s ]
SQL: SELECT `menu_id`,`name` FROM `cms_menu` WHERE `status` = 1 AND `type` = 0 ORDER BY listorder desc,menu_id desc  [ RunTime:0.0005s ]
SQL: SHOW COLUMNS FROM `cms_news` [ RunTime:0.0179s ]
SQL: SELECT `news_id`,`title`,`description` FROM `cms_news` WHERE `status` = 1 ORDER BY count desc , listorder desc LIMIT 10   [ RunTime:0.0004s ]
SQL: SHOW COLUMNS FROM `cms_position_content` [ RunTime:0.0155s ]
SQL: SELECT * FROM `cms_position_content` WHERE `position_id` = 3 AND `status` = 1 ORDER BY listorder desc ,id desc  [ RunTime:0.0004s ]
SQL: SELECT `news_id`,`title`,`thumb`,`status`,`count` FROM `cms_news` WHERE `news_id` IN ('1','10','9','8','7')  [ RunTime:0.0002s ]

